2021-01-12 02:07:52.855 T:1899733936  NOTICE: -----------------------------------------------------------------------
2021-01-12 02:07:52.855 T:1899733936  NOTICE: Starting Kodi (18.7 Git:20200612-e2aefdbee4). Platform: Linux ARM 32-bit
2021-01-12 02:07:52.855 T:1899733936  NOTICE: Using Release Kodi x32 build (version for Raspberry Pi)
2021-01-12 02:07:52.855 T:1899733936  NOTICE: Kodi compiled 2020-06-12 by GCC 8.3.0 for Linux ARM 32-bit version 4.18.20 (266772)
2021-01-12 02:07:52.856 T:1899733936  NOTICE: Running on Raspbian GNU/Linux 10 (buster), kernel: Linux ARM 32-bit version 5.4.72-v7+
2021-01-12 02:07:52.864 T:1899733936  NOTICE: FFmpeg version/source: 4.0.4-Kodi
2021-01-12 02:07:52.864 T:1899733936  NOTICE: Host CPU: ARMv7 Processor rev 4 (v7l), 4 cores available
2021-01-12 02:07:52.864 T:1899733936  NOTICE: ARM Features: Neon enabled
2021-01-12 02:07:52.865 T:1899733936  NOTICE: special://xbmc/ is mapped to: /usr/share/kodi
2021-01-12 02:07:52.865 T:1899733936  NOTICE: special://xbmcbin/ is mapped to: /usr/lib/arm-linux-gnueabihf/kodi
2021-01-12 02:07:52.865 T:1899733936  NOTICE: special://xbmcbinaddons/ is mapped to: /usr/lib/arm-linux-gnueabihf/kodi/addons
2021-01-12 02:07:52.865 T:1899733936  NOTICE: special://masterprofile/ is mapped to: /root/.kodi/userdata
2021-01-12 02:07:52.865 T:1899733936  NOTICE: special://envhome/ is mapped to: /root
2021-01-12 02:07:52.865 T:1899733936  NOTICE: special://home/ is mapped to: /root/.kodi
2021-01-12 02:07:52.865 T:1899733936  NOTICE: special://temp/ is mapped to: /root/.kodi/temp
2021-01-12 02:07:52.865 T:1899733936  NOTICE: special://logpath/ is mapped to: /root/.kodi/temp
2021-01-12 02:07:52.865 T:1899733936  NOTICE: The executable running is: /usr/lib/arm-linux-gnueabihf/kodi/kodi.bin_v7
2021-01-12 02:07:52.865 T:1899733936  NOTICE: Local hostname: DietPi
2021-01-12 02:07:52.865 T:1899733936  NOTICE: Log File is located: /root/.kodi/temp/kodi.log
2021-01-12 02:07:52.868 T:1899733936  NOTICE: -----------------------------------------------------------------------
2021-01-12 02:07:52.880 T:1899733936    INFO: loading settings
2021-01-12 02:07:52.882 T:1899733936  NOTICE: special://profile/ is mapped to: special://masterprofile/
2021-01-12 02:07:52.909 T:1899733936   DEBUG: CSkinSettings: no <skinsettings> tag found
2021-01-12 02:07:52.916 T:1899733936  NOTICE: Loaded settings file from special://xbmc/system/advancedsettings.xml
2021-01-12 02:07:52.916 T:1899733936  NOTICE: Contents of special://xbmc/system/advancedsettings.xml are...
                                            <?xml version="1.0" encoding="UTF-8" ?>
                                            <advancedsettings>
                                              <fanartres>720</fanartres>
                                              <imageres>540</imageres>
                                              <video>
                                                <busydialogdelayms>750</busydialogdelayms>
                                              </video>
                                              <samba>
                                                <clienttimeout>30</clienttimeout>
                                              </samba>
                                              <cache>
                                                <memorysize>31457280</memorysize>
                                              </cache>
                                            </advancedsettings>
2021-01-12 02:07:52.916 T:1899733936 WARNING: CSettingsManager: missing version attribute
2021-01-12 02:07:52.918 T:1899733936  NOTICE: No settings file to load (special://masterprofile/advancedsettings.xml)
2021-01-12 02:07:52.918 T:1899733936  NOTICE: Default Video Player: VideoPlayer
2021-01-12 02:07:52.918 T:1899733936  NOTICE: Default Audio Player: paplayer
2021-01-12 02:07:52.918 T:1899733936  NOTICE: Disabled debug logging due to GUI setting. Level 0.
2021-01-12 02:07:52.918 T:1899733936  NOTICE: Log level changed to "LOG_LEVEL_NORMAL"
2021-01-12 02:07:52.918 T:1899733936  NOTICE: CMediaSourceSettings: loading media sources from special://masterprofile/sources.xml
2021-01-12 02:07:53.127 T:1899733936  NOTICE: Running database version Addons27
2021-01-12 02:07:53.426 T:1899733936  NOTICE: ADDON: audioencoder.kodi.builtin.aac v1.0.0 installed
2021-01-12 02:07:53.426 T:1899733936  NOTICE: ADDON: audioencoder.kodi.builtin.wma v1.0.0 installed
2021-01-12 02:07:53.426 T:1899733936  NOTICE: ADDON: context.youtube.download v1.3.3 installed
2021-01-12 02:07:53.426 T:1899733936  NOTICE: ADDON: game.controller.default v1.0.8 installed
2021-01-12 02:07:53.426 T:1899733936  NOTICE: ADDON: game.controller.snes v1.0.8 installed
2021-01-12 02:07:53.426 T:1899733936  NOTICE: ADDON: inputstream.adaptive v2.4.4 installed
2021-01-12 02:07:53.426 T:1899733936  NOTICE: ADDON: inputstream.adaptive.testing v2.6.0 installed
2021-01-12 02:07:53.426 T:1899733936  NOTICE: ADDON: inputstream.rtmp v2.0.6 installed
2021-01-12 02:07:53.426 T:1899733936  NOTICE: ADDON: kodi.binary.global.audioengine v1.0.1 installed
2021-01-12 02:07:53.426 T:1899733936  NOTICE: ADDON: kodi.binary.global.filesystem v1.0.2 installed
2021-01-12 02:07:53.426 T:1899733936  NOTICE: ADDON: kodi.binary.global.general v1.0.3 installed
2021-01-12 02:07:53.426 T:1899733936  NOTICE: ADDON: kodi.binary.global.gui v5.12.0 installed
2021-01-12 02:07:53.426 T:1899733936  NOTICE: ADDON: kodi.binary.global.main v1.0.14 installed
2021-01-12 02:07:53.426 T:1899733936  NOTICE: ADDON: kodi.binary.global.network v1.0.0 installed
2021-01-12 02:07:53.426 T:1899733936  NOTICE: ADDON: kodi.binary.instance.audiodecoder v2.0.0 installed
2021-01-12 02:07:53.426 T:1899733936  NOTICE: ADDON: kodi.binary.instance.audioencoder v2.0.0 installed
2021-01-12 02:07:53.426 T:1899733936  NOTICE: ADDON: kodi.binary.instance.game v1.1.0 installed
2021-01-12 02:07:53.427 T:1899733936  NOTICE: ADDON: kodi.binary.instance.imagedecoder v2.0.0 installed
2021-01-12 02:07:53.427 T:1899733936  NOTICE: ADDON: kodi.binary.instance.inputstream v2.0.8 installed
2021-01-12 02:07:53.427 T:1899733936  NOTICE: ADDON: kodi.binary.instance.peripheral v1.3.7 installed
2021-01-12 02:07:53.427 T:1899733936  NOTICE: ADDON: kodi.binary.instance.pvr v5.10.3 installed
2021-01-12 02:07:53.427 T:1899733936  NOTICE: ADDON: kodi.binary.instance.screensaver v2.0.0 installed
2021-01-12 02:07:53.427 T:1899733936  NOTICE: ADDON: kodi.binary.instance.vfs v2.0.0 installed
2021-01-12 02:07:53.427 T:1899733936  NOTICE: ADDON: kodi.binary.instance.videocodec v1.0.1 installed
2021-01-12 02:07:53.427 T:1899733936  NOTICE: ADDON: kodi.binary.instance.visualization v2.0.1 installed
2021-01-12 02:07:53.427 T:1899733936  NOTICE: ADDON: kodi.resource v1.0.0 installed
2021-01-12 02:07:53.427 T:1899733936  NOTICE: ADDON: metadata.album.universal v3.1.3 installed
2021-01-12 02:07:53.427 T:1899733936  NOTICE: ADDON: metadata.artists.universal v4.3.3 installed
2021-01-12 02:07:53.427 T:1899733936  NOTICE: ADDON: metadata.common.allmusic.com v3.2.2 installed
2021-01-12 02:07:53.427 T:1899733936  NOTICE: ADDON: metadata.common.fanart.tv v3.6.3 installed
2021-01-12 02:07:53.427 T:1899733936  NOTICE: ADDON: metadata.common.imdb.com v3.1.6 installed
2021-01-12 02:07:53.427 T:1899733936  NOTICE: ADDON: metadata.common.musicbrainz.org v2.2.4 installed
2021-01-12 02:07:53.427 T:1899733936  NOTICE: ADDON: metadata.common.theaudiodb.com v2.0.3 installed
2021-01-12 02:07:53.427 T:1899733936  NOTICE: ADDON: metadata.common.themoviedb.org v3.2.13 installed
2021-01-12 02:07:53.427 T:1899733936  NOTICE: ADDON: metadata.local v1.0.0 installed
2021-01-12 02:07:53.427 T:1899733936  NOTICE: ADDON: metadata.themoviedb.org v5.2.6 installed
2021-01-12 02:07:53.428 T:1899733936  NOTICE: ADDON: metadata.tvshows.themoviedb.org v3.5.12 installed
2021-01-12 02:07:53.428 T:1899733936  NOTICE: ADDON: plugin.video.elementum v0.1.65 installed
2021-01-12 02:07:53.428 T:1899733936  NOTICE: ADDON: plugin.video.venom v4.2.6 installed
2021-01-12 02:07:53.428 T:1899733936  NOTICE: ADDON: plugin.video.youtube v6.8.9 installed
2021-01-12 02:07:53.428 T:1899733936  NOTICE: ADDON: repository.anxdpanic v2.0.0 installed
2021-01-12 02:07:53.428 T:1899733936  NOTICE: ADDON: repository.elementum v0.1.58 installed
2021-01-12 02:07:53.428 T:1899733936  NOTICE: ADDON: repository.xbmc.org v3.1.6 installed
2021-01-12 02:07:53.428 T:1899733936  NOTICE: ADDON: resource.images.skinbackgrounds.metrocity v1.1.0 installed
2021-01-12 02:07:53.428 T:1899733936  NOTICE: ADDON: resource.images.weathericons.default v1.1.8 installed
2021-01-12 02:07:53.428 T:1899733936  NOTICE: ADDON: resource.language.en_gb v2.0.1 installed
2021-01-12 02:07:53.428 T:1899733936  NOTICE: ADDON: resource.uisounds.appletv v0.0.2 installed
2021-01-12 02:07:53.428 T:1899733936  NOTICE: ADDON: resource.uisounds.kodi v1.0.0 installed
2021-01-12 02:07:53.428 T:1899733936  NOTICE: ADDON: screensaver.xbmc.builtin.black v1.0.33 installed
2021-01-12 02:07:53.428 T:1899733936  NOTICE: ADDON: screensaver.xbmc.builtin.dim v1.0.59 installed
2021-01-12 02:07:53.428 T:1899733936  NOTICE: ADDON: script.elementum.burst v0.0.55 installed
2021-01-12 02:07:53.428 T:1899733936  NOTICE: ADDON: script.image.resource.select v2.0.4 installed
2021-01-12 02:07:53.428 T:1899733936  NOTICE: ADDON: script.module.addon.signals v0.0.6 installed
2021-01-12 02:07:53.428 T:1899733936  NOTICE: ADDON: script.module.certifi v2019.9.11 installed
2021-01-12 02:07:53.429 T:1899733936  NOTICE: ADDON: script.module.chardet v3.0.4 installed
2021-01-12 02:07:53.429 T:1899733936  NOTICE: ADDON: script.module.future v0.17.1 installed
2021-01-12 02:07:53.429 T:1899733936  NOTICE: ADDON: script.module.idna v2.8 installed
2021-01-12 02:07:53.429 T:1899733936  NOTICE: ADDON: script.module.inputstreamhelper v0.5.2 installed
2021-01-12 02:07:53.429 T:1899733936  NOTICE: ADDON: script.module.kodi-six v0.1.3 installed
2021-01-12 02:07:53.429 T:1899733936  NOTICE: ADDON: script.module.pil v1.1.7 installed
2021-01-12 02:07:53.429 T:1899733936  NOTICE: ADDON: script.module.pycryptodome v3.4.3 installed
2021-01-12 02:07:53.429 T:1899733936  NOTICE: ADDON: script.module.requests v2.22.0 installed
2021-01-12 02:07:53.429 T:1899733936  NOTICE: ADDON: script.module.six v1.13.0 installed
2021-01-12 02:07:53.429 T:1899733936  NOTICE: ADDON: script.module.urllib3 v1.25.6 installed
2021-01-12 02:07:53.429 T:1899733936  NOTICE: ADDON: script.module.youtube.dl v20.616.0 installed
2021-01-12 02:07:53.429 T:1899733936  NOTICE: ADDON: service.subtitles.opensubtitles_by_opensubtitles v5.2.14 installed
2021-01-12 02:07:53.429 T:1899733936  NOTICE: ADDON: service.xbmc.versioncheck v0.5.12 installed
2021-01-12 02:07:53.429 T:1899733936  NOTICE: ADDON: skin.estouchy v2.0.28 installed
2021-01-12 02:07:53.429 T:1899733936  NOTICE: ADDON: skin.estuary v2.0.27 installed
2021-01-12 02:07:53.429 T:1899733936  NOTICE: ADDON: webinterface.default v18.x-2.4.6 installed
2021-01-12 02:07:53.429 T:1899733936  NOTICE: ADDON: xbmc.addon v18.7 installed
2021-01-12 02:07:53.429 T:1899733936  NOTICE: ADDON: xbmc.core v0.1.0 installed
2021-01-12 02:07:53.429 T:1899733936  NOTICE: ADDON: xbmc.gui v5.14.0 installed
2021-01-12 02:07:53.430 T:1899733936  NOTICE: ADDON: xbmc.json v10.3.0 installed
2021-01-12 02:07:53.430 T:1899733936  NOTICE: ADDON: xbmc.metadata v2.1.0 installed
2021-01-12 02:07:53.430 T:1899733936  NOTICE: ADDON: xbmc.python v2.26.0 installed
2021-01-12 02:07:53.430 T:1899733936  NOTICE: ADDON: xbmc.webinterface v1.0.0 installed
2021-01-12 02:07:53.977 T:1899733936   ERROR: DBus error: org.freedesktop.DBus.Error.InvalidArgs - No such property “CanSuspend”
2021-01-12 02:07:53.978 T:1899733936   ERROR: DBus error: org.freedesktop.DBus.Error.InvalidArgs - No such property “CanHibernate”
2021-01-12 02:07:54.020 T:1868558560  NOTICE: Found 2 Lists of Devices
2021-01-12 02:07:54.020 T:1868558560  NOTICE: Enumerated ALSA devices:
2021-01-12 02:07:54.020 T:1868558560  NOTICE:     Device 1
2021-01-12 02:07:54.024 T:1868558560  NOTICE:         m_deviceName      : @
2021-01-12 02:07:54.025 T:1868558560  NOTICE:         m_displayName     : Default (bcm2835 Headphones bcm2835 Headphones)
2021-01-12 02:07:54.025 T:1868558560  NOTICE:         m_displayNameExtra:
2021-01-12 02:07:54.025 T:1868558560  NOTICE:         m_deviceType      : AE_DEVTYPE_PCM
2021-01-12 02:07:54.025 T:1868558560  NOTICE:         m_channels        : FL, FR
2021-01-12 02:07:54.025 T:1868558560  NOTICE:         m_sampleRates     : 8000,11025,16000,22050,32000,44100,48000,64000,88200,96000,176400,192000
2021-01-12 02:07:54.025 T:1868558560  NOTICE:         m_dataFormats     : AE_FMT_S16NE,AE_FMT_S16LE,AE_FMT_U8
2021-01-12 02:07:54.025 T:1868558560  NOTICE:         m_streamTypes     : No passthrough capabilities
2021-01-12 02:07:54.025 T:1868558560  NOTICE:     Device 2
2021-01-12 02:07:54.025 T:1868558560  NOTICE:         m_deviceName      : sysdefault:CARD=Headphones
2021-01-12 02:07:54.025 T:1868558560  NOTICE:         m_displayName     : bcm2835 Headphones
2021-01-12 02:07:54.025 T:1868558560  NOTICE:         m_displayNameExtra: bcm2835 Headphones
2021-01-12 02:07:54.025 T:1868558560  NOTICE:         m_deviceType      : AE_DEVTYPE_PCM
2021-01-12 02:07:54.025 T:1868558560  NOTICE:         m_channels        : FL, FR
2021-01-12 02:07:54.025 T:1868558560  NOTICE:         m_sampleRates     : 8000,11025,16000,22050,32000,44100,48000,64000,88200,96000,176400,192000
2021-01-12 02:07:54.025 T:1868558560  NOTICE:         m_dataFormats     : AE_FMT_S16NE,AE_FMT_S16LE,AE_FMT_U8
2021-01-12 02:07:54.025 T:1868558560  NOTICE:         m_streamTypes     : No passthrough capabilities
2021-01-12 02:07:54.025 T:1868558560  NOTICE: Enumerated PI devices:
2021-01-12 02:07:54.025 T:1868558560  NOTICE:     Device 1
2021-01-12 02:07:54.025 T:1868558560  NOTICE:         m_deviceName      : HDMI
2021-01-12 02:07:54.025 T:1868558560  NOTICE:         m_displayName     : HDMI
2021-01-12 02:07:54.025 T:1868558560  NOTICE:         m_displayNameExtra:
2021-01-12 02:07:54.025 T:1868558560  NOTICE:         m_deviceType      : AE_DEVTYPE_HDMI
2021-01-12 02:07:54.025 T:1868558560  NOTICE:         m_channels        : FL, FR
2021-01-12 02:07:54.025 T:1868558560  NOTICE:         m_sampleRates     : 8000,11025,16000,22050,24000,32000,44100,48000,88200,96000,176400,192000
2021-01-12 02:07:54.025 T:1868558560  NOTICE:         m_dataFormats     : AE_FMT_FLOAT,AE_FMT_S32NE,AE_FMT_S16NE,AE_FMT_S32LE,AE_FMT_S16LE,AE_FMT_FLOATP,AE_FMT_S32NEP,AE_FMT_S16NEP,AE_FMT_RAW
2021-01-12 02:07:54.025 T:1868558560  NOTICE:         m_streamTypes     : STREAM_TYPE_AC3,STREAM_TYPE_EAC3,STREAM_TYPE_DTSHD_CORE,STREAM_TYPE_DTS_2048,STREAM_TYPE_DTS_1024,STREAM_TYPE_DTS_512
2021-01-12 02:07:54.026 T:1868558560  NOTICE:     Device 2
2021-01-12 02:07:54.026 T:1868558560  NOTICE:         m_deviceName      : Analogue
2021-01-12 02:07:54.026 T:1868558560  NOTICE:         m_displayName     : Analogue
2021-01-12 02:07:54.026 T:1868558560  NOTICE:         m_displayNameExtra:
2021-01-12 02:07:54.026 T:1868558560  NOTICE:         m_deviceType      : AE_DEVTYPE_PCM
2021-01-12 02:07:54.026 T:1868558560  NOTICE:         m_channels        : FL, FR
2021-01-12 02:07:54.026 T:1868558560  NOTICE:         m_sampleRates     : 48000
2021-01-12 02:07:54.026 T:1868558560  NOTICE:         m_dataFormats     : AE_FMT_FLOAT,AE_FMT_S32LE,AE_FMT_S16LE,AE_FMT_FLOATP,AE_FMT_S32NEP,AE_FMT_S16NEP
2021-01-12 02:07:54.026 T:1868558560  NOTICE:         m_streamTypes     : No passthrough capabilities
2021-01-12 02:07:54.026 T:1868558560  NOTICE:     Device 3
2021-01-12 02:07:54.026 T:1868558560  NOTICE:         m_deviceName      : Both
2021-01-12 02:07:54.026 T:1868558560  NOTICE:         m_displayName     : HDMI and Analogue
2021-01-12 02:07:54.026 T:1868558560  NOTICE:         m_displayNameExtra:
2021-01-12 02:07:54.026 T:1868558560  NOTICE:         m_deviceType      : AE_DEVTYPE_PCM
2021-01-12 02:07:54.026 T:1868558560  NOTICE:         m_channels        : FL, FR
2021-01-12 02:07:54.026 T:1868558560  NOTICE:         m_sampleRates     : 48000
2021-01-12 02:07:54.026 T:1868558560  NOTICE:         m_dataFormats     : AE_FMT_FLOAT,AE_FMT_S32LE,AE_FMT_S16LE,AE_FMT_FLOATP,AE_FMT_S32NEP,AE_FMT_S16NEP
2021-01-12 02:07:54.026 T:1868558560  NOTICE:         m_streamTypes     : No passthrough capabilities
2021-01-12 02:07:54.127 T:1899733936  NOTICE: Raspberry PI firmware version: Oct 22 2020 14:06:02 
                                            Copyright (c) 2012 Broadcom
                                            version 74e754ff8947c58d2773253f77f6f68a303188f8 (clean) (release) (start)
2021-01-12 02:07:54.127 T:1899733936  NOTICE: ARM mem: 768MB GPU mem: 256MB MPG2:0 WVC1:0
2021-01-12 02:07:54.127 T:1899733936  NOTICE: cache.memorysize: 30MB
2021-01-12 02:07:54.127 T:1899733936  NOTICE: Config:
                                            aphy_params_current=819
                                            arm_freq=1400
                                            audio_pwm_mode=514
                                            config_hdmi_boost=5
                                            core_freq=400
                                            desired_osc_freq=0x331df0
                                            desired_osc_freq_boost=0x3c45b0
                                            disable_commandline_tags=2
                                            disable_l2cache=1
                                            disable_splash=1
                                            display_lcd_rotate=-1
                                            dphy_params_current=547
                                            enable_tvout=1
                                            force_eeprom_read=1
                                            force_pwm_open=1
                                            framebuffer_height=576
                                            framebuffer_ignore_alpha=1
                                            framebuffer_swap=1
                                            framebuffer_width=720
                                            gpu_freq=300
                                            init_uart_clock=0x2dc6c00
                                            initial_turbo=20
                                            lcd_framerate=60
                                            over_voltage_avs=31250
                                            over_voltage_avs_boost=0x1b774
                                            overscan_bottom=5
                                            overscan_left=16
                                            overscan_right=5
                                            pause_burst_frames=1
                                            program_serial_random=1
                                            sdram_freq=450
                                            sdtv_mode=2
                                            temp_limit=75
                                            total_mem=1024
                                            hdmi_force_cec_address:0=65535
                                            hdmi_force_cec_address:1=65535
                                            hdmi_pixel_freq_limit:0=0x9a7ec80
2021-01-12 02:07:54.128 T:1899733936  NOTICE: Config:
                                            device_tree=-
                                            overlay_prefix=overlays/
                                            hdmi_cvt:0=
                                            hdmi_cvt:1=
                                            hdmi_edid_filename:0=
                                            hdmi_edid_filename:1=
                                            hdmi_timings:0=
                                            hdmi_timings:1=
2021-01-12 02:07:54.128 T:1899733936  NOTICE: Found resolution 720 x 576 with 720 x 576i @ 50.000000 Hz
2021-01-12 02:07:54.128 T:1899733936  NOTICE: Found (720x576i@50.000000) at 16, setting to RES_DESKTOP at 16
2021-01-12 02:07:54.128 T:1899733936  NOTICE: EGL_VERSION = 1.4
2021-01-12 02:07:54.128 T:1899733936  NOTICE: EGL_VENDOR = Broadcom
2021-01-12 02:07:54.128 T:1899733936  NOTICE: EGL_EXTENSIONS = EGL_KHR_image EGL_KHR_image_base EGL_KHR_image_pixmap EGL_KHR_vg_parent_image EGL_KHR_gl_texture_2D_image EGL_KHR_gl_texture_cubemap_image EGL_KHR_lock_surface
2021-01-12 02:07:54.128 T:1899733936  NOTICE: EGL_CLIENT_EXTENSIONS = NULL
2021-01-12 02:07:54.131 T:1899733936  NOTICE: Checking resolution 16
2021-01-12 02:07:54.161 T:1899733936  NOTICE: GL_VENDOR = Broadcom
2021-01-12 02:07:54.161 T:1899733936  NOTICE: GL_RENDERER = VideoCore IV HW
2021-01-12 02:07:54.161 T:1899733936  NOTICE: GL_VERSION = OpenGL ES 2.0
2021-01-12 02:07:54.161 T:1899733936  NOTICE: GL_SHADING_LANGUAGE_VERSION = OpenGL ES GLSL ES 1.00
2021-01-12 02:07:54.161 T:1899733936  NOTICE: GL_EXTENSIONS = GL_OES_compressed_ETC1_RGB8_texture GL_OES_compressed_paletted_texture GL_OES_texture_npot GL_OES_depth24 GL_OES_vertex_half_float GL_OES_EGL_image GL_OES_EGL_image_external GL_EXT_discard_framebuffer GL_OES_rgb8_rgba8 GL_OES_depth32 GL_OES_mapbuffer GL_EXT_texture_format_BGRA8888 GL_APPLE_rgb_422 GL_EXT_debug_marker
2021-01-12 02:07:54.450 T:1899733936 WARNING: COMXImageFile::GetCodingType progressive images not supported by decoder
2021-01-12 02:07:54.450 T:1899733936  NOTICE: LoadJpeg: unable to load /usr/share/kodi/media/splash.jpg
2021-01-12 02:07:55.169 T:1899733936 WARNING: Repository add-on repository.anxdpanic uses plain HTTP for add-on downloads in path http://panicked.xyz/repository/anxdpanic/python2/zips/ - this is insecure and will make your Kodi installation vulnerable to attacks if enabled!
2021-01-12 02:07:55.170 T:1899733936 WARNING: Repository add-on repository.elementum uses plain HTTP for add-on downloads in path http://127.0.0.1:65220/repository/elgatito/ - this is insecure and will make your Kodi installation vulnerable to attacks if enabled!
2021-01-12 02:07:55.293 T:1774457056  NOTICE: Running database version Addons27
2021-01-12 02:07:55.296 T:1774457056  NOTICE: Running database version ViewModes6
2021-01-12 02:07:55.301 T:1774457056  NOTICE: Running database version Textures13
2021-01-12 02:07:55.310 T:1774457056  NOTICE: Running database version MyMusic72
2021-01-12 02:07:55.325 T:1774457056  NOTICE: Running database version MyVideos116
2021-01-12 02:07:55.330 T:1774457056  NOTICE: Running database version TV32
2021-01-12 02:07:55.333 T:1774457056  NOTICE: Running database version Epg12
2021-01-12 02:07:55.334 T:1899733936  NOTICE: start dvd mediatype detection
2021-01-12 02:07:55.387 T:1774457056 WARNING: Repository add-on repository.anxdpanic uses plain HTTP for add-on downloads in path http://panicked.xyz/repository/anxdpanic/python2/zips/ - this is insecure and will make your Kodi installation vulnerable to attacks if enabled!
2021-01-12 02:07:55.388 T:1774457056 WARNING: Repository add-on repository.elementum uses plain HTTP for add-on downloads in path http://127.0.0.1:65220/repository/elgatito/ - this is insecure and will make your Kodi installation vulnerable to attacks if enabled!
2021-01-12 02:07:55.401 T:1899733936  NOTICE:   load skin from: /usr/share/kodi/addons/skin.estuary (version: 2.0.27)
2021-01-12 02:07:56.234 T:1899733936 WARNING: JSONRPC: Could not parse type "Setting.Details.SettingList"
2021-01-12 02:07:56.361 T:1899733936  NOTICE: Register - new keyboard device registered on application->keyboard: Keyboard (0000:0000)
2021-01-12 02:07:56.362 T:1899733936  NOTICE: Register - new mouse device registered on application->mouse: Mouse (0000:0000)
2021-01-12 02:07:56.367 T:1899733936  NOTICE: Loading player core factory settings from special://xbmc/system/playercorefactory.xml.
2021-01-12 02:07:56.370 T:1899733936  NOTICE: Loaded playercorefactory configuration
2021-01-12 02:07:56.370 T:1899733936  NOTICE: Loading player core factory settings from special://masterprofile/playercorefactory.xml.
2021-01-12 02:07:56.370 T:1899733936  NOTICE: special://masterprofile/playercorefactory.xml does not exist. Skipping.
2021-01-12 02:07:56.380 T:1899733936 WARNING: Repository add-on repository.anxdpanic uses plain HTTP for add-on downloads in path http://panicked.xyz/repository/anxdpanic/python2/zips/ - this is insecure and will make your Kodi installation vulnerable to attacks if enabled!
2021-01-12 02:07:56.381 T:1899733936 WARNING: Repository add-on repository.elementum uses plain HTTP for add-on downloads in path http://127.0.0.1:65220/repository/elgatito/ - this is insecure and will make your Kodi installation vulnerable to attacks if enabled!
2021-01-12 02:07:56.394 T:1899733936 WARNING: Repository add-on repository.anxdpanic uses plain HTTP for add-on downloads in path http://panicked.xyz/repository/anxdpanic/python2/zips/ - this is insecure and will make your Kodi installation vulnerable to attacks if enabled!
2021-01-12 02:07:56.395 T:1899733936 WARNING: Repository add-on repository.elementum uses plain HTTP for add-on downloads in path http://127.0.0.1:65220/repository/elgatito/ - this is insecure and will make your Kodi installation vulnerable to attacks if enabled!
2021-01-12 02:07:56.456 T:1899733936  NOTICE: initialize done
2021-01-12 02:07:56.456 T:1899733936  NOTICE: Running the application...
2021-01-12 02:07:56.463 T:1899733936  NOTICE: starting zeroconf publishing
2021-01-12 02:07:56.464 T:1650409696  NOTICE: ES: Starting UDP Event server on port 9777
2021-01-12 02:07:56.464 T:1650409696  NOTICE: UDP: Listening on port 9777 (ipv6 : true)
2021-01-12 02:07:56.490 T:1899733936  NOTICE: VideoPlayer::OpenFile: /var/run/lirc/lircd
2021-01-12 02:07:56.524 T:1607209184  NOTICE: Creating InputStream
2021-01-12 02:07:56.525 T:1607209184   ERROR: CVideoPlayer::OpenInputStream - error opening [/var/run/lirc/lircd]
2021-01-12 02:07:56.525 T:1607209184  NOTICE: CVideoPlayer::OnExit()
2021-01-12 02:07:56.673 T:1725944032  NOTICE: Register - new cec device registered on cec->RPI: CEC Adapter (2708:1001)
2021-01-12 02:07:56.739 T:1763569888 WARNING: Repository add-on repository.anxdpanic uses plain HTTP for add-on downloads in path http://panicked.xyz/repository/anxdpanic/python2/zips/ - this is insecure and will make your Kodi installation vulnerable to attacks if enabled!
2021-01-12 02:07:56.741 T:1763569888 WARNING: Repository add-on repository.elementum uses plain HTTP for add-on downloads in path http://127.0.0.1:65220/repository/elgatito/ - this is insecure and will make your Kodi installation vulnerable to attacks if enabled!
2021-01-12 02:07:56.886 T:1763569888 WARNING: Repository add-on repository.anxdpanic uses plain HTTP for add-on downloads in path http://panicked.xyz/repository/anxdpanic/python2/zips/ - this is insecure and will make your Kodi installation vulnerable to attacks if enabled!
2021-01-12 02:07:56.887 T:1763569888 WARNING: Repository add-on repository.elementum uses plain HTTP for add-on downloads in path http://127.0.0.1:65220/repository/elgatito/ - this is insecure and will make your Kodi installation vulnerable to attacks if enabled!
2021-01-12 02:07:56.900 T:1763569888 WARNING: Repository add-on repository.anxdpanic uses plain HTTP for add-on downloads in path http://panicked.xyz/repository/anxdpanic/python2/zips/ - this is insecure and will make your Kodi installation vulnerable to attacks if enabled!
2021-01-12 02:07:56.901 T:1763569888 WARNING: Repository add-on repository.elementum uses plain HTTP for add-on downloads in path http://127.0.0.1:65220/repository/elgatito/ - this is insecure and will make your Kodi installation vulnerable to attacks if enabled!
2021-01-12 02:07:57.087 T:1899733936  NOTICE: CVideoPlayer::CloseFile()
2021-01-12 02:07:57.088 T:1899733936  NOTICE: VideoPlayer: waiting for threads to exit
2021-01-12 02:07:57.088 T:1899733936  NOTICE: VideoPlayer: finished waiting
2021-01-12 02:07:58.833 T:1667195104  NOTICE: [ plugin.video.venom ]  service started
2021-01-12 02:07:58.834 T:1667195104  NOTICE: /root/.kodi/userdata/addon_data/plugin.video.venom/ : already exists
2021-01-12 02:07:58.976 T:1667195104  NOTICE: /root/.kodi/userdata/addon_data/plugin.video.venom/settings.xml : already exists
2021-01-12 02:07:59.357 T:1615601888  NOTICE: [plugin.video.elementum] elementumd: starting elementumd
2021-01-12 02:07:59.358 T:1633624288  NOTICE: [plugin.video.elementum] elementum: starting jsonrpc service
2021-01-12 02:07:59.359 T:1615601888  NOTICE: [plugin.video.elementum] Kodi's JSON-RPC service is available, starting up...
2021-01-12 02:07:59.416 T:1667195104  NOTICE: [ plugin.video.venom ]  Sync "My Accounts" Service Starting...
2021-01-12 02:07:59.423 T:1615601888  NOTICE: [plugin.video.elementum] Binary detection. Source: /root/.kodi/addons/plugin.video.elementum/resources/bin/linux_armv7/elementum, Destination: /root/.kodi/userdata/addon_data/plugin.video.elementum/bin/linux_armv7/elementum
2021-01-12 02:07:59.450 T:1667195104   ERROR: EXCEPTION Thrown (PythonToCppException) : -->Python callback/script returned the following error<--
                                             - NOTE: IGNORING THIS CAN LEAD TO MEMORY LEAKS!
                                            Error Type: <type 'exceptions.ImportError'>
                                            Error Contents: No module named myaccounts
                                            Traceback (most recent call last):
                                              File "/root/.kodi/addons/plugin.video.venom/service.py", line 131, in <module>
                                                SyncMyAccounts().run()
                                              File "/root/.kodi/addons/plugin.video.venom/service.py", line 54, in run
                                                control.syncMyAccounts(silent=True)
                                              File "/root/.kodi/addons/plugin.video.venom/resources/lib/modules/control.py", line 111, in syncMyAccounts
                                                import myaccounts
                                            ImportError: No module named myaccounts
                                            -->End of Python script error report<--
2021-01-12 02:08:01.067 T:1615601888  NOTICE: [plugin.video.elementum] Deleting stale files set([])
2021-01-12 02:08:01.068 T:1615601888  NOTICE: [plugin.video.elementum] Binary detection: [ Source: /root/.kodi/addons/plugin.video.elementum/resources/bin/linux_armv7/elementum, Destination: /root/.kodi/userdata/addon_data/plugin.video.elementum/bin/linux_armv7/elementum ]
2021-01-12 02:08:01.068 T:1615601888  NOTICE: [plugin.video.elementum] Binary dir: /root/.kodi/userdata/addon_data/plugin.video.elementum/bin/linux_armv7, item: /root/.kodi/userdata/addon_data/plugin.video.elementum/bin/linux_armv7/elementum
2021-01-12 02:08:01.069 T:1615601888 WARNING: [plugin.video.elementum] Existing process found from lockfile, killing...
2021-01-12 02:08:01.102 T:1615601888  NOTICE: [plugin.video.elementum] elementumd: start args: ['/root/.kodi/userdata/addon_data/plugin.video.elementum/bin/linux_armv7/elementum'], kw: {'close_fds': True, 'env': {'NO_AT_BRIDGE': '1', '__GL_YIELD': 'USLEEP', 'GODEBUG': 'madvdontneed=1', 'KODI_BIN_HOME': '/usr/lib/arm-linux-gnueabihf/kodi', 'XDG_SESSION_TYPE': 'tty', 'HUSHLOGIN': 'FALSE', 'LOGNAME': 'root', 'USER': 'root', 'HOME': '/root', 'XDG_VTNR': '1', 'PATH': '/usr/local/sbin:/usr/local/bin:/usr/sbin:/usr/bin:/sbin:/bin', 'LD_LIBRARY_PATH': '/root/.kodi/userdata/addon_data/plugin.video.elementum/bin/linux_armv7:', 'TERM': 'linux', 'SHELL': '/bin/bash', 'TZ': ':Europe/London', 'SHLVL': '1', 'LIRC_SOCKET_PATH': '/var/run/lirc/lircd', 'SSL_CERT_FILE': '/usr/share/kodi/system/certs/cacert.pem', 'PYTHONOPTIMIZE': '1', 'XDG_SESSION_CLASS': 'user', 'XDG_RUNTIME_DIR': '/run/user/0', 'KODI_HOME': '/usr/share/kodi', 'LC_ALL': 'C.UTF-8', 'XDG_SESSION_ID': '1', '_': '/usr/bin/kodi', 'MALLOC_MMAP_THRESHOLD_': '131072', 'PWD': '/root', 'MAIL': '/var/mail/root', 'OS': 'Linux', 'XDG_SEAT': 'seat0'}, 'cwd': '/root/.kodi/userdata/addon_data/plugin.video.elementum/bin/linux_armv7', 'stderr': -2, 'stdout': -1}
2021-01-12 02:08:01.179 T:1615601888  NOTICE: [plugin.video.elementum] INFO  main         ▶ main             [0mStarting Elementum daemon
2021-01-12 02:08:01.186 T:1615601888  NOTICE: [plugin.video.elementum] INFO  main         ▶ main             [0mVersion: 0.1.65 LibTorrent: 1.1.14.0 Go: go1.15.6, Threads: 4
2021-01-12 02:08:01.187 T:1615601888  NOTICE: [plugin.video.elementum] INFO  config       ▶ Reload           [0mReloading configuration...
2021-01-12 02:08:01.191 T:1615601888  NOTICE: [plugin.video.elementum] INFO  config       ▶ Reload           [0mSetting remote address to 127.0.0.1:65221
2021-01-12 02:08:01.297 T:1615601888  NOTICE: [plugin.video.elementum] [32mNOTI  config       ▶ Reload           [0mPaths translated by Kodi: Download = /media/UsbStorage/movies , Library = /root/.kodi/temp/elementum_library , Torrents = /root/.kodi/temp/elementum_torrents , Storage = 0
2021-01-12 02:08:01.303 T:1615601888  NOTICE: [plugin.video.elementum] INFO  config       ▶ Reload           [0mUsing download path: /media/UsbStorage/movies
2021-01-12 02:08:01.305 T:1615601888  NOTICE: [plugin.video.elementum] INFO  config       ▶ Reload           [0mUsing library path: /root/.kodi/temp/elementum_library
2021-01-12 02:08:01.306 T:1615601888  NOTICE: [plugin.video.elementum] INFO  config       ▶ Reload           [0mUsing torrents path: /root/.kodi/temp/elementum_torrents
2021-01-12 02:08:01.418 T:1615601888  NOTICE: [plugin.video.elementum] INFO  config       ▶ Reload           [0mUsing configuration: &config.Configuration{
2021-01-12 02:08:01.419 T:1615601888  NOTICE: [plugin.video.elementum]   DownloadPath: "/media/UsbStorage/movies",
2021-01-12 02:08:01.420 T:1615601888  NOTICE: [plugin.video.elementum]   TorrentsPath: "/root/.kodi/temp/elementum_torrents",
2021-01-12 02:08:01.420 T:1615601888  NOTICE: [plugin.video.elementum]   LibraryPath: "/root/.kodi/temp/elementum_library",
2021-01-12 02:08:01.421 T:1615601888  NOTICE: [plugin.video.elementum]   Info: &xbmc.AddonInfo{
2021-01-12 02:08:01.422 T:1615601888  NOTICE: [plugin.video.elementum]     Author: "elgatito",
2021-01-12 02:08:01.422 T:1615601888  NOTICE: [plugin.video.elementum]     Changelog: "",
2021-01-12 02:08:01.423 T:1615601888  NOTICE: [plugin.video.elementum]     Description: "Elementum is a torrent finding and streaming engine. It doesn't go on torrent websites for legal reasons. However, it calls specially crafted add-ons (called providers) that are installed separately.[CR]This project is a fork of the well known, but no longer maintained Pulsar/Quasar projects from steeve and scakemyer.",
2021-01-12 02:08:01.424 T:1615601888  NOTICE: [plugin.video.elementum]     Disclaimer: "The author does not own or host any content found within this Addon. The author is not connected to or in any other way affiliated with Kodi, Team Kodi, or the XBMC Foundation.",
2021-01-12 02:08:01.425 T:1615601888  NOTICE: [plugin.video.elementum]     Fanart: "/root/.kodi/addons/plugin.video.elementum/fanart.png",
2021-01-12 02:08:01.426 T:1615601888  NOTICE: [plugin.video.elementum]     Home: "/root/.kodi/",
2021-01-12 02:08:01.427 T:1615601888  NOTICE: [plugin.video.elementum]     Icon: "/root/.kodi/addons/plugin.video.elementum/icon.png",
2021-01-12 02:08:01.427 T:1615601888  NOTICE: [plugin.video.elementum]     ID: "plugin.video.elementum",
2021-01-12 02:08:01.428 T:1615601888  NOTICE: [plugin.video.elementum]     Name: "Elementum",
2021-01-12 02:08:01.428 T:1615601888  NOTICE: [plugin.video.elementum]     Path: "/root/.kodi/addons/plugin.video.elementum",
2021-01-12 02:08:01.429 T:1615601888  NOTICE: [plugin.video.elementum]     Profile: "/root/.kodi/userdata/addon_data/plugin.video.elementum/",
2021-01-12 02:08:01.429 T:1615601888  NOTICE: [plugin.video.elementum]     TempPath: "/root/.kodi/temp/elementum",
2021-01-12 02:08:01.429 T:1615601888  NOTICE: [plugin.video.elementum]     Stars: "-1",
2021-01-12 02:08:01.430 T:1615601888  NOTICE: [plugin.video.elementum]     Summary: "Elementum: Media streaming",
2021-01-12 02:08:01.430 T:1615601888  NOTICE: [plugin.video.elementum]     Type: "xbmc.python.pluginsource",
2021-01-12 02:08:01.431 T:1615601888  NOTICE: [plugin.video.elementum]     Version: "0.1.65",
2021-01-12 02:08:01.431 T:1615601888  NOTICE: [plugin.video.elementum]     Xbmc: "/usr/share/kodi/",
2021-01-12 02:08:01.431 T:1615601888  NOTICE: [plugin.video.elementum]   },
2021-01-12 02:08:01.432 T:1615601888  NOTICE: [plugin.video.elementum]   Platform: &xbmc.Platform{
2021-01-12 02:08:01.432 T:1615601888  NOTICE: [plugin.video.elementum]     OS: "linux",
2021-01-12 02:08:01.432 T:1615601888  NOTICE: [plugin.video.elementum]     Arch: "armv7",
2021-01-12 02:08:01.433 T:1615601888  NOTICE: [plugin.video.elementum]     Version: "",
2021-01-12 02:08:01.433 T:1615601888  NOTICE: [plugin.video.elementum]     Kodi: 18,
2021-01-12 02:08:01.434 T:1615601888  NOTICE: [plugin.video.elementum]     Build: "18.7 Git:20200612-e2aefdbee4",
2021-01-12 02:08:01.434 T:1615601888  NOTICE: [plugin.video.elementum]   },
2021-01-12 02:08:01.434 T:1615601888  NOTICE: [plugin.video.elementum]   Language: "en",
2021-01-12 02:08:01.435 T:1615601888  NOTICE: [plugin.video.elementum]   Region: "US",
2021-01-12 02:08:01.435 T:1615601888  NOTICE: [plugin.video.elementum]   TemporaryPath: "/root/.kodi/temp/elementum",
2021-01-12 02:08:01.436 T:1615601888  NOTICE: [plugin.video.elementum]   ProfilePath: "/root/.kodi/userdata/addon_data/plugin.video.elementum/",
2021-01-12 02:08:01.437 T:1615601888  NOTICE: [plugin.video.elementum]   HomePath: "/root/.kodi/",
2021-01-12 02:08:01.438 T:1615601888  NOTICE: [plugin.video.elementum]   XbmcPath: "/usr/share/kodi/",
2021-01-12 02:08:01.438 T:1615601888  NOTICE: [plugin.video.elementum]   SpoofUserAgent: 0,
2021-01-12 02:08:01.439 T:1615601888  NOTICE: [plugin.video.elementum]   KeepDownloading: 1,
2021-01-12 02:08:01.439 T:1615601888  NOTICE: [plugin.video.elementum]   KeepFilesPlaying: 0,
2021-01-12 02:08:01.440 T:1615601888  NOTICE: [plugin.video.elementum]   KeepFilesFinished: 0,
2021-01-12 02:08:01.440 T:1615601888  NOTICE: [plugin.video.elementum]   UseTorrentHistory: true,
2021-01-12 02:08:01.440 T:1615601888  NOTICE: [plugin.video.elementum]   TorrentHistorySize: 200,
2021-01-12 02:08:01.441 T:1615601888  NOTICE: [plugin.video.elementum]   UseFanartTv: false,
2021-01-12 02:08:01.441 T:1615601888  NOTICE: [plugin.video.elementum]   DisableBgProgress: false,
2021-01-12 02:08:01.442 T:1615601888  NOTICE: [plugin.video.elementum]   DisableBgProgressPlayback: true,
2021-01-12 02:08:01.442 T:1615601888  NOTICE: [plugin.video.elementum]   ForceUseTrakt: false,
2021-01-12 02:08:01.442 T:1615601888  NOTICE: [plugin.video.elementum]   UseCacheSelection: true,
2021-01-12 02:08:01.443 T:1615601888  NOTICE: [plugin.video.elementum]   UseCacheSearch: false,
2021-01-12 02:08:01.443 T:1615601888  NOTICE: [plugin.video.elementum]   UseCacheTorrents: true,
2021-01-12 02:08:01.444 T:1615601888  NOTICE: [plugin.video.elementum]   CacheSearchDuration: 180,
2021-01-12 02:08:01.445 T:1615601888  NOTICE: [plugin.video.elementum]   ShowFilesWatched: true,
2021-01-12 02:08:01.446 T:1615601888  NOTICE: [plugin.video.elementum]   ResultsPerPage: 9,
2021-01-12 02:08:01.447 T:1615601888  NOTICE: [plugin.video.elementum]   GreetingEnabled: true,
2021-01-12 02:08:01.448 T:1615601888  NOTICE: [plugin.video.elementum]   EnableOverlayStatus: true,
2021-01-12 02:08:01.450 T:1615601888  NOTICE: [plugin.video.elementum]   SilentStreamStart: false,
2021-01-12 02:08:01.451 T:1615601888  NOTICE: [plugin.video.elementum]   AutoYesEnabled: false,
2021-01-12 02:08:01.452 T:1615601888  NOTICE: [plugin.video.elementum]   AutoYesTimeout: 5,
2021-01-12 02:08:01.454 T:1615601888  NOTICE: [plugin.video.elementum]   ChooseStreamAutoMovie: false,
2021-01-12 02:08:01.458 T:1615601888  NOTICE: [plugin.video.elementum]   ChooseStreamAutoShow: false,
2021-01-12 02:08:01.460 T:1615601888  NOTICE: [plugin.video.elementum]   ChooseStreamAutoSearch: false,
2021-01-12 02:08:01.462 T:1615601888  NOTICE: [plugin.video.elementum]   ForceLinkType: false,
2021-01-12 02:08:01.467 T:1615601888  NOTICE: [plugin.video.elementum]   UseOriginalTitle: false,
2021-01-12 02:08:01.467 T:1615601888  NOTICE: [plugin.video.elementum]   UseAnimeEnTitle: true,
2021-01-12 02:08:01.468 T:1615601888  NOTICE: [plugin.video.elementum]   UseLowestReleaseDate: true,
2021-01-12 02:08:01.468 T:1615601888  NOTICE: [plugin.video.elementum]   AddSpecials: false,
2021-01-12 02:08:01.468 T:1615601888  NOTICE: [plugin.video.elementum]   AddEpisodeNumbers: false,
2021-01-12 02:08:01.469 T:1615601888  NOTICE: [plugin.video.elementum]   ShowUnairedSeasons: false,
2021-01-12 02:08:01.469 T:1615601888  NOTICE: [plugin.video.elementum]   ShowUnairedEpisodes: false,
2021-01-12 02:08:01.469 T:1615601888  NOTICE: [plugin.video.elementum]   ShowSeasonsAll: true,
2021-01-12 02:08:01.470 T:1615601888  NOTICE: [plugin.video.elementum]   ShowSeasonsOrder: 0,
2021-01-12 02:08:01.470 T:1615601888  NOTICE: [plugin.video.elementum]   ShowSeasonsSpecials: true,
2021-01-12 02:08:01.472 T:1615601888  NOTICE: [plugin.video.elementum]   SmartEpisodeStart: false,
2021-01-12 02:08:01.472 T:1615601888  NOTICE: [plugin.video.elementum]   SmartEpisodeMatch: false,
2021-01-12 02:08:01.472 T:1615601888  NOTICE: [plugin.video.elementum]   SmartEpisodeChoose: false,
2021-01-12 02:08:01.473 T:1615601888  NOTICE: [plugin.video.elementum]   LibraryEnabled: true,
2021-01-12 02:08:01.473 T:1615601888  NOTICE: [plugin.video.elementum]   LibrarySyncEnabled: true,
2021-01-12 02:08:01.473 T:1615601888  NOTICE: [plugin.video.elementum]   LibrarySyncPlaybackEnabled: true,
2021-01-12 02:08:01.476 T:1615601888  NOTICE: [plugin.video.elementum]   LibraryUpdate: 0,
2021-01-12 02:08:01.478 T:1615601888  NOTICE: [plugin.video.elementum]   StrmLanguage: "en",
2021-01-12 02:08:01.479 T:1615601888  NOTICE: [plugin.video.elementum]   LibraryNFOMovies: true,
2021-01-12 02:08:01.479 T:1615601888  NOTICE: [plugin.video.elementum]   LibraryNFOShows: true,
2021-01-12 02:08:01.481 T:1615601888  NOTICE: [plugin.video.elementum]   PlaybackPercent: 85,
2021-01-12 02:08:01.482 T:1615601888  NOTICE: [plugin.video.elementum]   DownloadStorage: 0,
2021-01-12 02:08:01.482 T:1642016992 WARNING: Repository add-on repository.elementum uses plain HTTP for add-on downloads in path http://127.0.0.1:65220/repository/elgatito/ - this is insecure and will make your Kodi installation vulnerable to attacks if enabled!
2021-01-12 02:08:01.483 T:1615601888  NOTICE: [plugin.video.elementum]   SkipBurstSearch: false,
2021-01-12 02:08:01.483 T:1642016992 WARNING: Repository add-on repository.elementum uses plain HTTP for add-on downloads in path http://127.0.0.1:65220/repository/elgatito/ - this is insecure and will make your Kodi installation vulnerable to attacks if enabled!
2021-01-12 02:08:01.484 T:1615601888  NOTICE: [plugin.video.elementum]   AutoMemorySize: true,
2021-01-12 02:08:01.485 T:1615601888  NOTICE: [plugin.video.elementum]   AutoKodiBufferSize: true,
2021-01-12 02:08:01.485 T:1615601888  NOTICE: [plugin.video.elementum]   AutoAdjustMemorySize: true,
2021-01-12 02:08:01.488 T:1615601888  NOTICE: [plugin.video.elementum]   AutoMemorySizeStrategy: 2,
2021-01-12 02:08:01.489 T:1615601888  NOTICE: [plugin.video.elementum]   MemorySize: 104857600,
2021-01-12 02:08:01.489 T:1615601888  NOTICE: [plugin.video.elementum]   AutoAdjustBufferSize: false,
2021-01-12 02:08:01.490 T:1642016992 WARNING: Repository add-on repository.elementum uses plain HTTP for add-on downloads in path http://127.0.0.1:65220/repository/elgatito/ - this is insecure and will make your Kodi installation vulnerable to attacks if enabled!
2021-01-12 02:08:01.490 T:1615601888 WARNING: Previous line repeats 1 times.
2021-01-12 02:08:01.490 T:1615601888  NOTICE: [plugin.video.elementum]   MinCandidateSize: 104857600,
2021-01-12 02:08:01.491 T:1615601888  NOTICE: [plugin.video.elementum]   MinCandidateShowSize: 1048576,
2021-01-12 02:08:01.492 T:1615601888  NOTICE: [plugin.video.elementum]   BufferTimeout: 60,
2021-01-12 02:08:01.492 T:1615601888  NOTICE: [plugin.video.elementum]   BufferSize: 20971520,
2021-01-12 02:08:01.492 T:1615601888  NOTICE: [plugin.video.elementum]   EndBufferSize: 4194304,
2021-01-12 02:08:01.493 T:1615601888  NOTICE: [plugin.video.elementum]   KodiBufferSize: 0,
2021-01-12 02:08:01.493 T:1615601888  NOTICE: [plugin.video.elementum]   UploadRateLimit: 10240,
2021-01-12 02:08:01.493 T:1615601888  NOTICE: [plugin.video.elementum]   DownloadRateLimit: 0,
2021-01-12 02:08:01.494 T:1615601888  NOTICE: [plugin.video.elementum]   AutoloadTorrents: true,
2021-01-12 02:08:01.495 T:1615601888  NOTICE: [plugin.video.elementum]   AutoloadTorrentsPaused: true,
2021-01-12 02:08:01.496 T:1615601888  NOTICE: [plugin.video.elementum]   LimitAfterBuffering: false,
2021-01-12 02:08:01.500 T:1615601888  NOTICE: [plugin.video.elementum]   ConnectionsLimit: 0,
2021-01-12 02:08:01.501 T:1615601888  NOTICE: [plugin.video.elementum]   ConnTrackerLimit: 0,
2021-01-12 02:08:01.502 T:1615601888  NOTICE: [plugin.video.elementum]   ConnTrackerLimitAuto: true,
2021-01-12 02:08:01.502 T:1615601888  NOTICE: [plugin.video.elementum]   SessionSave: 15,
2021-01-12 02:08:01.503 T:1615601888  NOTICE: [plugin.video.elementum]   SeedForever: false,
2021-01-12 02:08:01.503 T:1615601888  NOTICE: [plugin.video.elementum]   ShareRatioLimit: 25,
2021-01-12 02:08:01.504 T:1615601888  NOTICE: [plugin.video.elementum]   SeedTimeRatioLimit: 200,
2021-01-12 02:08:01.504 T:1615601888  NOTICE: [plugin.video.elementum]   SeedTimeLimit: 7200,
2021-01-12 02:08:01.505 T:1615601888  NOTICE: [plugin.video.elementum]   DisableUpload: false,
2021-01-12 02:08:01.506 T:1615601888  NOTICE: [plugin.video.elementum]   DisableDHT: false,
2021-01-12 02:08:01.508 T:1615601888  NOTICE: [plugin.video.elementum]   DisableTCP: false,
2021-01-12 02:08:01.509 T:1615601888  NOTICE: [plugin.video.elementum]   DisableUTP: false,
2021-01-12 02:08:01.510 T:1615601888  NOTICE: [plugin.video.elementum]   DisableUPNP: false,
2021-01-12 02:08:01.511 T:1615601888  NOTICE: [plugin.video.elementum]   EncryptionPolicy: 0,
2021-01-12 02:08:01.513 T:1615601888  NOTICE: [plugin.video.elementum]   ListenPortMin: 6891,
2021-01-12 02:08:01.513 T:1615601888  NOTICE: [plugin.video.elementum]   ListenPortMax: 6899,
2021-01-12 02:08:01.514 T:1615601888  NOTICE: [plugin.video.elementum]   ListenInterfaces: "",
2021-01-12 02:08:01.519 T:1615601888  NOTICE: [plugin.video.elementum]   ListenAutoDetectIP: true,
2021-01-12 02:08:01.521 T:1615601888  NOTICE: [plugin.video.elementum]   ListenAutoDetectPort: true,
2021-01-12 02:08:01.521 T:1899733936 WARNING: Repository add-on repository.anxdpanic uses plain HTTP for add-on downloads in path http://panicked.xyz/repository/anxdpanic/python2/zips/ - this is insecure and will make your Kodi installation vulnerable to attacks if enabled!
2021-01-12 02:08:01.522 T:1899733936 WARNING: Repository add-on repository.elementum uses plain HTTP for add-on downloads in path http://127.0.0.1:65220/repository/elgatito/ - this is insecure and will make your Kodi installation vulnerable to attacks if enabled!
2021-01-12 02:08:01.528 T:1615601888  NOTICE: [plugin.video.elementum]   OutgoingInterfaces: "",
2021-01-12 02:08:01.529 T:1725944032  NOTICE: [plugin.video.elementum] Cleaning up dialogs
2021-01-12 02:08:01.531 T:1615601888  NOTICE: [plugin.video.elementum]   TunedStorage: false,
2021-01-12 02:08:01.532 T:1615601888  NOTICE: [plugin.video.elementum]   DiskCacheSize: 12582912,
2021-01-12 02:08:01.539 T:1615601888  NOTICE: [plugin.video.elementum]   UseLibtorrentConfig: true,
2021-01-12 02:08:01.540 T:1615601888  NOTICE: [plugin.video.elementum]   UseLibtorrentLogging: false,
2021-01-12 02:08:01.542 T:1615601888  NOTICE: [plugin.video.elementum]   UseLibtorrentDeadlines: false,
2021-01-12 02:08:01.543 T:1615601888  NOTICE: [plugin.video.elementum]   UseLibtorrentPauseResume: false,
2021-01-12 02:08:01.544 T:1615601888  NOTICE: [plugin.video.elementum]   LibtorrentProfile: 0,
2021-01-12 02:08:01.546 T:1615601888  NOTICE: [plugin.video.elementum]   MagnetTrackers: 0,
2021-01-12 02:08:01.548 T:1615601888  NOTICE: [plugin.video.elementum]   MagnetResolveTimeout: 20,
2021-01-12 02:08:01.549 T:1615601888  NOTICE: [plugin.video.elementum]   Scrobble: false,
2021-01-12 02:08:01.550 T:1615601888  NOTICE: [plugin.video.elementum]   AutoScrapeEnabled: false,
2021-01-12 02:08:01.552 T:1615601888  NOTICE: [plugin.video.elementum]   AutoScrapeLibraryEnabled: false,
2021-01-12 02:08:01.554 T:1615601888  NOTICE: [plugin.video.elementum]   AutoScrapeStrategy: 0,
2021-01-12 02:08:01.557 T:1581244640  NOTICE: [plugin.video.elementum] Resetting RPC objects...
2021-01-12 02:08:01.559 T:1615601888  NOTICE: [plugin.video.elementum]   AutoScrapeStrategyExpect: 3,
2021-01-12 02:08:01.562 T:1615601888  NOTICE: [plugin.video.elementum]   AutoScrapePerHours: 12,
2021-01-12 02:08:01.564 T:1615601888  NOTICE: [plugin.video.elementum]   AutoScrapeLimitMovies: 50,
2021-01-12 02:08:01.567 T:1615601888  NOTICE: [plugin.video.elementum]   AutoScrapeInterval: 30,
2021-01-12 02:08:01.569 T:1615601888  NOTICE: [plugin.video.elementum]   TraktAuthorized: false,
2021-01-12 02:08:01.570 T:1615601888  NOTICE: [plugin.video.elementum]   TraktUsername: "",
2021-01-12 02:08:01.572 T:1615601888  NOTICE: [plugin.video.elementum]   TraktToken: "",
2021-01-12 02:08:01.573 T:1615601888  NOTICE: [plugin.video.elementum]   TraktRefreshToken: "",
2021-01-12 02:08:01.573 T:1615601888  NOTICE: [plugin.video.elementum]   TraktTokenExpiry: 0,
2021-01-12 02:08:01.574 T:1615601888  NOTICE: [plugin.video.elementum]   TraktSyncEnabled: true,
2021-01-12 02:08:01.574 T:1615601888  NOTICE: [plugin.video.elementum]   TraktSyncPlaybackEnabled: true,
2021-01-12 02:08:01.575 T:1615601888  NOTICE: [plugin.video.elementum]   TraktSyncFrequencyMin: 5,
2021-01-12 02:08:01.575 T:1615601888  NOTICE: [plugin.video.elementum]   TraktSyncCollections: true,
2021-01-12 02:08:01.576 T:1615601888  NOTICE: [plugin.video.elementum]   TraktSyncWatchlist: true,
2021-01-12 02:08:01.576 T:1615601888  NOTICE: [plugin.video.elementum]   TraktSyncUserlists: true,
2021-01-12 02:08:01.576 T:1615601888  NOTICE: [plugin.video.elementum]   TraktSyncPlaybackProgress: true,
2021-01-12 02:08:01.577 T:1615601888  NOTICE: [plugin.video.elementum]   TraktSyncHidden: true,
2021-01-12 02:08:01.577 T:1615601888  NOTICE: [plugin.video.elementum]   TraktSyncWatched: true,
2021-01-12 02:08:01.579 T:1615601888  NOTICE: [plugin.video.elementum]   TraktSyncWatchedBack: true,
2021-01-12 02:08:01.579 T:1615601888  NOTICE: [plugin.video.elementum]   TraktSyncAddedMovies: true,
2021-01-12 02:08:01.580 T:1615601888  NOTICE: [plugin.video.elementum]   TraktSyncAddedMoviesLocation: 0,
2021-01-12 02:08:01.580 T:1615601888  NOTICE: [plugin.video.elementum]   TraktSyncAddedMoviesList: 0,
2021-01-12 02:08:01.581 T:1615601888  NOTICE: [plugin.video.elementum]   TraktSyncAddedShows: true,
2021-01-12 02:08:01.582 T:1615601888  NOTICE: [plugin.video.elementum]   TraktSyncAddedShowsLocation: 0,
2021-01-12 02:08:01.583 T:1615601888  NOTICE: [plugin.video.elementum]   TraktSyncAddedShowsList: 0,
2021-01-12 02:08:01.584 T:1615601888  NOTICE: [plugin.video.elementum]   TraktSyncRemovedMovies: true,
2021-01-12 02:08:01.585 T:1615601888  NOTICE: [plugin.video.elementum]   TraktSyncRemovedMoviesLocation: 0,
2021-01-12 02:08:01.586 T:1615601888  NOTICE: [plugin.video.elementum]   TraktSyncRemovedMoviesList: 0,
2021-01-12 02:08:01.586 T:1615601888  NOTICE: [plugin.video.elementum]   TraktSyncRemovedShows: true,
2021-01-12 02:08:01.591 T:1615601888  NOTICE: [plugin.video.elementum]   TraktSyncRemovedShowsLocation: 0,
2021-01-12 02:08:01.592 T:1615601888  NOTICE: [plugin.video.elementum]   TraktSyncRemovedShowsList: 0,
2021-01-12 02:08:01.592 T:1615601888  NOTICE: [plugin.video.elementum]   TraktProgressUnaired: true,
2021-01-12 02:08:01.592 T:1615601888  NOTICE: [plugin.video.elementum]   TraktProgressSort: 0,
2021-01-12 02:08:01.593 T:1615601888  NOTICE: [plugin.video.elementum]   TraktProgressDateFormat: "yyyy-mm-dd",
2021-01-12 02:08:01.593 T:1615601888  NOTICE: [plugin.video.elementum]   TraktProgressColorDate: "yellow",
2021-01-12 02:08:01.594 T:1615601888  NOTICE: [plugin.video.elementum]   TraktProgressColorShow: "none",
2021-01-12 02:08:01.594 T:1615601888  NOTICE: [plugin.video.elementum]   TraktProgressColorEpisode: "skyblue",
2021-01-12 02:08:01.594 T:1615601888  NOTICE: [plugin.video.elementum]   TraktProgressColorUnaired: "deeppink",
2021-01-12 02:08:01.595 T:1615601888  NOTICE: [plugin.video.elementum]   TraktCalendarsDateFormat: "yyyy-mm-dd",
2021-01-12 02:08:01.596 T:1615601888  NOTICE: [plugin.video.elementum]   TraktCalendarsColorDate: "yellow",
2021-01-12 02:08:01.596 T:1615601888  NOTICE: [plugin.video.elementum]   TraktCalendarsColorShow: "none",
2021-01-12 02:08:01.596 T:1615601888  NOTICE: [plugin.video.elementum]   TraktCalendarsColorEpisode: "skyblue",
2021-01-12 02:08:01.597 T:1615601888  NOTICE: [plugin.video.elementum]   TraktCalendarsColorUnaired: "deeppink",
2021-01-12 02:08:01.597 T:1615601888  NOTICE: [plugin.video.elementum]   UpdateFrequency: 6,
2021-01-12 02:08:01.597 T:1615601888  NOTICE: [plugin.video.elementum]   UpdateDelay: 300,
2021-01-12 02:08:01.598 T:1615601888  NOTICE: [plugin.video.elementum]   UpdateAutoScan: true,
2021-01-12 02:08:01.598 T:1615601888  NOTICE: [plugin.video.elementum]   PlayResume: true,
2021-01-12 02:08:01.598 T:1615601888  NOTICE: [plugin.video.elementum]   PlayResumeBack: 0,
2021-01-12 02:08:01.599 T:1615601888  NOTICE: [plugin.video.elementum]   StoreResume: true,
2021-01-12 02:08:01.599 T:1615601888  NOTICE: [plugin.video.elementum]   StoreResumeAction: 2,
2021-01-12 02:08:01.600 T:1615601888  NOTICE: [plugin.video.elementum]   TMDBApiKey: "",
2021-01-12 02:08:01.601 T:1615601888  NOTICE: [plugin.video.elementum]   OSDBUser: "",
2021-01-12 02:08:01.601 T:1615601888  NOTICE: [plugin.video.elementum]   OSDBPass: "",
2021-01-12 02:08:01.601 T:1615601888  NOTICE: [plugin.video.elementum]   OSDBLanguage: "en",
2021-01-12 02:08:01.602 T:1615601888  NOTICE: [plugin.video.elementum]   OSDBAutoLanguage: true,
2021-01-12 02:08:01.602 T:1615601888  NOTICE: [plugin.video.elementum]   OSDBAutoLoad: false,
2021-01-12 02:08:01.602 T:1615601888  NOTICE: [plugin.video.elementum]   OSDBAutoLoadCount: 1,
2021-01-12 02:08:01.603 T:1615601888  NOTICE: [plugin.video.elementum]   OSDBAutoLoadDelete: true,
2021-01-12 02:08:01.603 T:1615601888  NOTICE: [plugin.video.elementum]   OSDBAutoLoadSkipExists: true,
2021-01-12 02:08:01.604 T:1615601888  NOTICE: [plugin.video.elementum]   OSDBIncludedEnabled: true,
2021-01-12 02:08:01.604 T:1615601888  NOTICE: [plugin.video.elementum]   OSDBIncludedSkipExists: true,
2021-01-12 02:08:01.605 T:1615601888  NOTICE: [plugin.video.elementum]   SortingModeMovies: 2,
2021-01-12 02:08:01.605 T:1615601888  NOTICE: [plugin.video.elementum]   SortingModeShows: 2,
2021-01-12 02:08:01.606 T:1615601888  NOTICE: [plugin.video.elementum]   ResolutionPreferenceMovies: 0,
2021-01-12 02:08:01.606 T:1615601888  NOTICE: [plugin.video.elementum]   ResolutionPreferenceShows: 0,
2021-01-12 02:08:01.607 T:1615601888  NOTICE: [plugin.video.elementum]   PercentageAdditionalSeeders: 25,
2021-01-12 02:08:01.607 T:1615601888  NOTICE: [plugin.video.elementum]   CustomProviderTimeoutEnabled: true,
2021-01-12 02:08:01.607 T:1615601888  NOTICE: [plugin.video.elementum]   CustomProviderTimeout: 110,
2021-01-12 02:08:01.608 T:1615601888  NOTICE: [plugin.video.elementum]   InternalDNSEnabled: true,
2021-01-12 02:08:01.608 T:1615601888  NOTICE: [plugin.video.elementum]   InternalDNSSkipIPv6: true,
2021-01-12 02:08:01.609 T:1615601888  NOTICE: [plugin.video.elementum]   InternalProxyEnabled: true,
2021-01-12 02:08:01.609 T:1615601888  NOTICE: [plugin.video.elementum]   InternalProxyLogging: false,
2021-01-12 02:08:01.610 T:1615601888  NOTICE: [plugin.video.elementum]   InternalProxyLoggingBody: false,
2021-01-12 02:08:01.611 T:1615601888  NOTICE: [plugin.video.elementum]   ProxyURL: "",
2021-01-12 02:08:01.611 T:1615601888  NOTICE: [plugin.video.elementum]   ProxyType: 1,
2021-01-12 02:08:01.611 T:1615601888  NOTICE: [plugin.video.elementum]   ProxyEnabled: false,
2021-01-12 02:08:01.612 T:1615601888  NOTICE: [plugin.video.elementum]   ProxyHost: "",
2021-01-12 02:08:01.612 T:1615601888  NOTICE: [plugin.video.elementum]   ProxyPort: 1080,
2021-01-12 02:08:01.612 T:1615601888  NOTICE: [plugin.video.elementum]   ProxyLogin: "",
2021-01-12 02:08:01.613 T:1615601888  NOTICE: [plugin.video.elementum]   ProxyPassword: "",
2021-01-12 02:08:01.613 T:1615601888  NOTICE: [plugin.video.elementum]   ProxyUseHTTP: true,
2021-01-12 02:08:01.613 T:1615601888  NOTICE: [plugin.video.elementum]   ProxyUseTracker: true,
2021-01-12 02:08:01.614 T:1615601888  NOTICE: [plugin.video.elementum]   ProxyUseDownload: true,
2021-01-12 02:08:01.615 T:1615601888  NOTICE: [plugin.video.elementum]   CompletedMove: false,
2021-01-12 02:08:01.615 T:1615601888  NOTICE: [plugin.video.elementum]   CompletedMoviesPath: "/home/osmc/Movies/",
2021-01-12 02:08:01.616 T:1615601888  NOTICE: [plugin.video.elementum]   CompletedShowsPath: "/home/osmc/TV Shows/",
2021-01-12 02:08:01.616 T:1615601888  NOTICE: [plugin.video.elementum]   LocalOnlyClient: false,
2021-01-12 02:08:01.616 T:1615601888  NOTICE: [plugin.video.elementum]   LogLevel: 2,
2021-01-12 02:08:01.617 T:1615601888  NOTICE: [plugin.video.elementum] }
2021-01-12 02:08:01.617 T:1615601888  NOTICE: [plugin.video.elementum] INFO  main         ▶ main             [0mAddon: plugin.video.elementum v0.1.65
2021-01-12 02:08:01.618 T:1615601888  NOTICE: [plugin.video.elementum] INFO  bittorrent   ▶ configure        [0mConfiguring client...
2021-01-12 02:08:01.619 T:1615601888  NOTICE: [plugin.video.elementum] INFO  bittorrent   ▶ configure        [0mStarting internal proxy
2021-01-12 02:08:01.619 T:1615601888  NOTICE: [plugin.video.elementum] INFO  bittorrent   ▶ configure        [0mApplying session settings...
2021-01-12 02:08:01.620 T:1615601888  NOTICE: [plugin.video.elementum] INFO  bittorrent   ▶ configure        [0mUserAgent: Elementum/0.1.65, PeerID: -GT0001-
2021-01-12 02:08:01.621 T:1615601888  NOTICE: [plugin.video.elementum] INFO  bittorrent   ▶ configure        [0mRate limiting upload to 10 kB
2021-01-12 02:08:01.621 T:1615601888  NOTICE: [plugin.video.elementum] INFO  bittorrent   ▶ configure        [0mApplying encryption settings...
2021-01-12 02:08:01.622 T:1615601888  NOTICE: [plugin.video.elementum] INFO  bittorrent   ▶ configure        [0mDownloadStorage: File
2021-01-12 02:08:01.622 T:1615601888  NOTICE: [plugin.video.elementum] INFO  bittorrent   ▶ configure        [0mListening on: 0.0.0.0:6899,0.0.0.0:6897
2021-01-12 02:08:01.622 T:1615601888  NOTICE: [plugin.video.elementum] INFO  bittorrent   ▶ RestoreLimits    [0mRate limiting upload to 10 kB
2021-01-12 02:08:01.623 T:1615601888  NOTICE: [plugin.video.elementum] INFO  bittorrent   ▶ startServices    [0mStarting LSD...
2021-01-12 02:08:01.624 T:1615601888  NOTICE: [plugin.video.elementum] INFO  bittorrent   ▶ alertsConsumer   [0mConsuming alerts...
2021-01-12 02:08:01.624 T:1615601888  NOTICE: [plugin.video.elementum] INFO  bittorrent   ▶ startServices    [0mStarting DHT...
2021-01-12 02:08:01.625 T:1615601888  NOTICE: [plugin.video.elementum] INFO  bittorrent   ▶ startServices    [0mStarting UPNP...
2021-01-12 02:08:01.625 T:1615601888  NOTICE: [plugin.video.elementum] INFO  bittorrent   ▶ startServices    [0mStarting NATPMP...
2021-01-12 02:08:01.626 T:1615601888  NOTICE: [plugin.video.elementum] INFO  tmdb         ▶ CheckAPIKey      [0mChecking TMDB API key...
2021-01-12 02:08:01.626 T:1615601888  NOTICE: [plugin.video.elementum] [32mNOTI  bittorrent   ▶ logAlerts        [0mlisten_succeeded_alert: successfully listening on [TCP] [::]:6899
2021-01-12 02:08:01.627 T:1615601888  NOTICE: [plugin.video.elementum] [32mNOTI  bittorrent   ▶ logAlerts        [0mlisten_succeeded_alert: successfully listening on [TCP] 0.0.0.0:6899
2021-01-12 02:08:01.628 T:1615601888  NOTICE: [plugin.video.elementum] [32mNOTI  bittorrent   ▶ logAlerts        [0mlisten_succeeded_alert: successfully listening on [TCP] [::]:6897
2021-01-12 02:08:01.629 T:1615601888  NOTICE: [plugin.video.elementum] [32mNOTI  bittorrent   ▶ logAlerts        [0mlisten_succeeded_alert: successfully listening on [TCP] 0.0.0.0:6897
2021-01-12 02:08:01.629 T:1615601888  NOTICE: [plugin.video.elementum] [32mNOTI  bittorrent   ▶ logAlerts        [0mlisten_succeeded_alert: successfully listening on [UDP] 0.0.0.0:6897
2021-01-12 02:08:01.630 T:1615601888  NOTICE: [plugin.video.elementum] INFO  bittorrent   ▶ loadTorrentFiles  [0mLoading torrents from: /root/.kodi/temp/elementum_torrents
2021-01-12 02:08:01.630 T:1615601888  NOTICE: [plugin.video.elementum] INFO  bittorrent   ▶ cleanStaleFiles  [0mCleaning up stale .parts files at /media/UsbStorage/movies ...
2021-01-12 02:08:01.631 T:1615601888  NOTICE: [plugin.video.elementum] INFO  bittorrent   ▶ cleanStaleFiles  [0mCleaning up stale .fastresume files at /root/.kodi/temp/elementum_torrents ...
2021-01-12 02:08:01.632 T:1615601888  NOTICE: [plugin.video.elementum] INFO  bittorrent   ▶ func1            [0mService started in 14.485417ms
2021-01-12 02:08:01.633 T:1615601888  NOTICE: [plugin.video.elementum] INFO  bittorrent   ▶ startServices    [0mAdding port mapping 6899: 2
2021-01-12 02:08:01.633 T:1615601888  NOTICE: [plugin.video.elementum] INFO  bittorrent   ▶ startServices    [0mAdding port mapping 6897: 3
2021-01-12 02:08:01.634 T:1615601888  NOTICE: [plugin.video.elementum] INFO  main         ▶ main             [0mPrepared in 299.50026ms
2021-01-12 02:08:01.635 T:1615601888  NOTICE: [plugin.video.elementum] INFO  main         ▶ main             [0mStarting HTTP server
2021-01-12 02:08:01.637 T:1615601888  NOTICE: [plugin.video.elementum] [32mNOTI  library      ▶ Init             [0mWarming up caches...
2021-01-12 02:08:01.638 T:1615601888  NOTICE: [plugin.video.elementum] INFO  main         ▶ func10           [0mUpdating Kodi add-on repositories...
2021-01-12 02:08:01.645 T:1615601888  NOTICE: [plugin.video.elementum] [32mNOTI  library      ▶ Init             [0mCaches warmed up in 164.837083ms
2021-01-12 02:08:01.815 T:1615601888  NOTICE: [plugin.video.elementum] INFO  database     ▶ func1            [0mStorm Database backup saved at: /root/.kodi/userdata/addon_data/plugin.video.elementum/storm-backup.db
2021-01-12 02:08:02.056 T:1615601888  NOTICE: [plugin.video.elementum] [32mNOTI  bittorrent   ▶ logAlerts        [0mexternal_ip_alert: external IP received 157.XX.XX.XX
2021-01-12 02:08:04.903 T:1615601888  NOTICE: [plugin.video.elementum] INFO  database     ▶ func1            [0mBolt Database backup saved at: /root/.kodi/userdata/addon_data/plugin.video.elementum/cache-backup.db
2021-01-12 02:08:05.308 T:1615601888  NOTICE: [plugin.video.elementum] [32mNOTI  tmdb         ▶ CheckAPIKey      [0mTMDB API key check passed, using 8cf43ad...
2021-01-12 02:08:08.342 T:1615601888  NOTICE: [plugin.video.elementum] INFO  repository   ▶ GetAddonsXMLChecksum  [0mLast available release of plugin.video.elementum: v0.1.65
2021-01-12 02:08:08.343 T:1615601888  NOTICE: [plugin.video.elementum] INFO  repository   ▶ GetAddonsXMLChecksum  [0mLast available release of script.elementum.burst: v0.0.55
2021-01-12 02:08:08.344 T:1615601888  NOTICE: [plugin.video.elementum] INFO  repository   ▶ GetAddonsXMLChecksum  [0mLast available release of context.elementum: v0.0.3
2021-01-12 02:08:08.344 T:1615601888  NOTICE: [plugin.video.elementum] [GIN] 2021/01/12 - 02:08:08 | 200 |  6.802729425s |       127.0.0.1 | GET      "/repository/elgatito/plugin.video.elementum/addons.xml.md5"
2021-01-12 02:08:08.446 T:1774457056 WARNING: Repository add-on repository.anxdpanic uses plain HTTP for add-on downloads in path http://panicked.xyz/repository/anxdpanic/python2/zips/ - this is insecure and will make your Kodi installation vulnerable to attacks if enabled!
2021-01-12 02:08:08.447 T:1774457056 WARNING: Repository add-on repository.elementum uses plain HTTP for add-on downloads in path http://127.0.0.1:65220/repository/elgatito/ - this is insecure and will make your Kodi installation vulnerable to attacks if enabled!
2021-01-12 02:08:08.481 T:1774457056 WARNING: Repository add-on repository.anxdpanic uses plain HTTP for add-on downloads in path http://panicked.xyz/repository/anxdpanic/python2/zips/ - this is insecure and will make your Kodi installation vulnerable to attacks if enabled!
2021-01-12 02:08:08.482 T:1774457056 WARNING: Repository add-on repository.elementum uses plain HTTP for add-on downloads in path http://127.0.0.1:65220/repository/elgatito/ - this is insecure and will make your Kodi installation vulnerable to attacks if enabled!
2021-01-12 02:08:08.508 T:1774457056 WARNING: Repository add-on repository.anxdpanic uses plain HTTP for add-on downloads in path http://panicked.xyz/repository/anxdpanic/python2/zips/ - this is insecure and will make your Kodi installation vulnerable to attacks if enabled!
2021-01-12 02:08:08.509 T:1774457056 WARNING: Repository add-on repository.elementum uses plain HTTP for add-on downloads in path http://127.0.0.1:65220/repository/elgatito/ - this is insecure and will make your Kodi installation vulnerable to attacks if enabled!
2021-01-12 02:08:08.513 T:1774457056 WARNING: Repository add-on repository.anxdpanic uses plain HTTP for add-on downloads in path http://panicked.xyz/repository/anxdpanic/python2/zips/ - this is insecure and will make your Kodi installation vulnerable to attacks if enabled!
2021-01-12 02:08:08.513 T:1774457056 WARNING: Repository add-on repository.elementum uses plain HTTP for add-on downloads in path http://127.0.0.1:65220/repository/elgatito/ - this is insecure and will make your Kodi installation vulnerable to attacks if enabled!
2021-01-12 02:08:47.930 T:1860165856  NOTICE: CAESinkPi:AddPackets Underrun (delay:0.00 frames:2205)
2021-01-12 02:09:03.458 T:1899733936  NOTICE: Previous line repeats 21 times.
2021-01-12 02:09:03.458 T:1899733936  NOTICE: VideoPlayer::OpenFile: /media/UsbStorage/tvshows/gilmore girls/Gilmore.Girls.S01E13.480p.HDTV.x264.TagName.mkv
2021-01-12 02:09:03.460 T:1563750624  NOTICE: Creating InputStream
2021-01-12 02:09:03.467 T:1563750624  NOTICE: Creating Demuxer
2021-01-12 02:09:03.538 T:1563750624  NOTICE: Opening stream: 0 source: 256
2021-01-12 02:09:03.538 T:1563750624  NOTICE: Creating video codec with codec id: 27
2021-01-12 02:09:03.557 T:1563750624  NOTICE: Creating video thread
2021-01-12 02:09:03.557 T:1581773024  NOTICE: running thread: video_thread
2021-01-12 02:09:03.557 T:1563750624  NOTICE: Opening stream: 1 source: 256
2021-01-12 02:09:03.557 T:1563750624  NOTICE: Finding audio codec for: 86018
2021-01-12 02:09:03.559 T:1563750624  NOTICE: CDVDAudioCodecFFmpeg::Open() Successful opened audio decoder aac
2021-01-12 02:09:03.559 T:1563750624  NOTICE: Creating audio thread
2021-01-12 02:09:03.559 T:1537523936  NOTICE: running thread: CVideoPlayerAudio::Process()
2021-01-12 02:09:03.559 T:1563750624  NOTICE: Opening stream: 0 source: 1024
2021-01-12 02:09:03.691 T:1537523936  NOTICE: Creating audio stream (codec id: 86018, channels: 2, sample rate: 48000, no pass-through)
2021-01-12 02:09:08.362 T:1615601888  NOTICE: [plugin.video.elementum] [33mWARN  main         ▶ Notification     [0mOnPlay. No active player found
2021-01-12 02:10:25.558 T:1868558560 WARNING: ActiveAE - large audio sync error: -89440.218801
2021-01-12 02:13:01.482 T:1615601888  NOTICE: [plugin.video.elementum] INFO  library      ▶ updateLibraryShows  [0mLibrary updated in 218.437µs
2021-01-12 02:13:01.728 T:1598816480  NOTICE: VideoInfoScanner: Starting scan ..
2021-01-12 02:13:03.063 T:1598816480 WARNING: No information found for item '/media/UsbStorage/movies/[ www.torrenting.com ] - Gilmore.Girls.S01E01.WS.HDTV.x264-REGRET/gilmore.girls.s01e01.ws.hdtv.x264-regret.mkv', it won't be added to the library.
2021-01-12 02:13:03.700 T:1598816480 WARNING: No information found for item '/media/UsbStorage/movies/Gilmore.Girls.2016.S01E01.WEBRip.x264/Gilmore.Girls.2016.S01E01.WEBRip.x264-.mp4', it won't be added to the library.
2021-01-12 02:13:03.753 T:1598816480 WARNING: Process directory '/media/UsbStorage/tvshows/spiderman/' does not exist - skipping scan.
2021-01-12 02:13:03.767 T:1598816480  NOTICE: VideoInfoScanner: Finished scan. Scanning for video info took 00:02
2021-01-12 02:50:08.518 T:1537523936  NOTICE: CVideoPlayerAudio::Process - stream stalled
2021-01-12 02:50:08.882 T:1563750624  NOTICE: CVideoPlayer::OnExit()
2021-01-12 02:50:08.883 T:1563750624  NOTICE: VideoPlayer: eof, waiting for queues to empty
2021-01-12 02:50:08.884 T:1563750624  NOTICE: Closing stream player 1
2021-01-12 02:50:08.884 T:1563750624  NOTICE: CDVDMessageQueue(audio)::WaitUntilEmpty
2021-01-12 02:50:08.884 T:1563750624  NOTICE: Waiting for audio thread to exit
2021-01-12 02:50:08.884 T:1537523936   ERROR: Got MSGQ_ABORT or MSGO_IS_ERROR return true
2021-01-12 02:50:08.884 T:1537523936  NOTICE: thread end: CVideoPlayerAudio::OnExit()
2021-01-12 02:50:08.884 T:1563750624  NOTICE: Closing audio device
2021-01-12 02:50:08.886 T:1563750624  NOTICE: Deleting audio codec
2021-01-12 02:50:08.887 T:1563750624  NOTICE: Closing stream player 2
2021-01-12 02:50:08.887 T:1563750624  NOTICE: CDVDMessageQueue(video)::WaitUntilEmpty
2021-01-12 02:50:08.888 T:1563750624  NOTICE: waiting for video thread to exit
2021-01-12 02:50:08.888 T:1581773024   ERROR: Got MSGQ_ABORT or MSGO_IS_ERROR return true
2021-01-12 02:50:08.888 T:1581773024  NOTICE: thread end: video_thread
2021-01-12 02:50:08.888 T:1563750624  NOTICE: deleting video codec
2021-01-12 02:50:08.889 T:1563750624  NOTICE: Closing stream player 3
2021-01-12 02:50:08.944 T:1899733936  NOTICE: CVideoPlayer::CloseFile()
2021-01-12 02:50:08.965 T:1899733936  NOTICE: VideoPlayer: waiting for threads to exit
2021-01-12 02:50:08.966 T:1899733936  NOTICE: VideoPlayer: finished waiting
2021-01-12 02:50:08.966 T:1899733936  NOTICE: CVideoPlayer::CloseFile()
2021-01-12 02:50:08.966 T:1899733936  NOTICE: VideoPlayer: waiting for threads to exit
2021-01-12 02:50:08.966 T:1899733936  NOTICE: VideoPlayer: finished waiting
2021-01-12 02:50:21.190 T:1545916640 WARNING: Repository add-on repository.anxdpanic uses plain HTTP for add-on downloads in path http://panicked.xyz/repository/anxdpanic/python2/zips/ - this is insecure and will make your Kodi installation vulnerable to attacks if enabled!
2021-01-12 02:50:21.192 T:1545916640 WARNING: Repository add-on repository.elementum uses plain HTTP for add-on downloads in path http://127.0.0.1:65220/repository/elgatito/ - this is insecure and will make your Kodi installation vulnerable to attacks if enabled!
2021-01-12 02:50:21.238 T:1545916640 WARNING: Repository add-on repository.anxdpanic uses plain HTTP for add-on downloads in path http://panicked.xyz/repository/anxdpanic/python2/zips/ - this is insecure and will make your Kodi installation vulnerable to attacks if enabled!
2021-01-12 02:50:21.239 T:1545916640 WARNING: Repository add-on repository.elementum uses plain HTTP for add-on downloads in path http://127.0.0.1:65220/repository/elgatito/ - this is insecure and will make your Kodi installation vulnerable to attacks if enabled!
2021-01-12 02:50:21.260 T:1545916640 WARNING: Repository add-on repository.anxdpanic uses plain HTTP for add-on downloads in path http://panicked.xyz/repository/anxdpanic/python2/zips/ - this is insecure and will make your Kodi installation vulnerable to attacks if enabled!
2021-01-12 02:50:21.260 T:1545916640 WARNING: Repository add-on repository.elementum uses plain HTTP for add-on downloads in path http://127.0.0.1:65220/repository/elgatito/ - this is insecure and will make your Kodi installation vulnerable to attacks if enabled!
2021-01-12 02:50:22.980 T:1860165856  NOTICE: CAESinkPi:AddPackets Underrun (delay:0.00 frames:2205)
2021-01-12 02:50:23.778 T:1899733936  NOTICE: Stopping player
2021-01-12 02:50:23.778 T:1899733936  NOTICE: Storing total System Uptime
2021-01-12 02:50:23.778 T:1899733936  NOTICE: Saving settings
2021-01-12 02:50:23.784 T:1899733936  NOTICE: Saving skin settings
2021-01-12 02:50:23.786 T:1899733936  NOTICE: Stopping all
2021-01-12 02:50:23.787 T:1899733936  NOTICE: ES: Stopping event server
2021-01-12 02:50:23.787 T:1899733936  NOTICE: stopping zeroconf publishing
2021-01-12 02:50:23.981 T:1650409696  NOTICE: ES: UDP Event server stopped
2021-01-12 02:50:23.981 T:1899733936  NOTICE: stop dvd detect media
2021-01-12 02:50:24.006 T:1615601888  NOTICE: [plugin.video.elementum] INFO  main         ▶ func1            [0mShutting down...
2021-01-12 02:50:24.006 T:1615601888  NOTICE: [plugin.video.elementum] INFO  library      ▶ CloseLibrary     [0mClosing library...
2021-01-12 02:50:24.007 T:1615601888  NOTICE: [plugin.video.elementum] INFO  bittorrent   ▶ Close            [0mStopping BT Services...
2021-01-12 02:50:24.007 T:1615601888  NOTICE: [plugin.video.elementum] INFO  bittorrent   ▶ stopServices     [0mStopping internal proxy
2021-01-12 02:50:24.116 T:1633624288  NOTICE: [plugin.video.elementum] elementum: exiting jsonrpc service
2021-01-12 02:50:24.506 T:1615601888  NOTICE: [plugin.video.elementum] INFO  bittorrent   ▶ stopServices     [0mStopping LSD...
2021-01-12 02:50:24.507 T:1615601888  NOTICE: [plugin.video.elementum] INFO  bittorrent   ▶ stopServices     [0mStopping DHT...
2021-01-12 02:50:24.508 T:1615601888  NOTICE: [plugin.video.elementum] INFO  bittorrent   ▶ stopServices     [0mStopping UPNP...
2021-01-12 02:50:24.510 T:1615601888  NOTICE: [plugin.video.elementum] INFO  bittorrent   ▶ stopServices     [0mStopping NATPMP...
2021-01-12 02:50:24.510 T:1615601888  NOTICE: [plugin.video.elementum] INFO  bittorrent   ▶ stopServices     [0mDeleting port mapping 6899: 2
2021-01-12 02:50:24.511 T:1615601888  NOTICE: [plugin.video.elementum] INFO  bittorrent   ▶ stopServices     [0mDeleting port mapping 6897: 3
2021-01-12 02:50:24.511 T:1615601888  NOTICE: [plugin.video.elementum] INFO  bittorrent   ▶ CloseSession     [0mClosing Session
2021-01-12 02:50:24.823 T:1615601888  NOTICE: [plugin.video.elementum] INFO  bittorrent   ▶ alertsConsumer   [0mClosing all alert channels...
2021-01-12 02:50:24.986 T:1615601888  NOTICE: [plugin.video.elementum] INFO  bittorrent   ▶ Close            [0mClosed service in 979.034739ms
2021-01-12 02:50:24.988 T:1615601888  NOTICE: [plugin.video.elementum] INFO  main         ▶ func1            [0mGoodbye
2021-01-12 02:50:25.006 T:1667195104  NOTICE: [plugin.video.elementum] elementumd: exiting elementumd daemon
2021-01-12 02:50:25.006 T:1667195104  NOTICE: [plugin.video.elementum] elementumd: elementumd daemon exited
2021-01-12 02:50:25.007 T:1675587808  NOTICE: [plugin.video.elementum] elementum: exiting elementumd
2021-01-12 02:50:25.395 T:1899733936  NOTICE: Application stopped
2021-01-12 02:50:25.624 T:1899733936  NOTICE: XBApplicationEx: destroying...
2021-01-12 02:50:25.921 T:1899733936  NOTICE: unload skin
2021-01-12 02:50:26.024 T:1899733936  NOTICE: unload sections
